\BOOKMARK [0][-]{chapter.1}{\311tat de l'art du clustering}{}% 1
\BOOKMARK [1][-]{section.1.1}{La pr\351paration des donn\351es}{chapter.1}% 2
\BOOKMARK [2][-]{subsection.1.1.1}{La transformation des variables}{section.1.1}% 3
\BOOKMARK [2][-]{subsection.1.1.2}{La d\351tection d'outliers}{section.1.1}% 4
\BOOKMARK [1][-]{section.1.2}{La mesure de distance}{chapter.1}% 5
\BOOKMARK [1][-]{section.1.3}{Les types de clusters}{chapter.1}% 6
\BOOKMARK [2][-]{subsection.1.3.1}{Well-Separated}{section.1.3}% 7
\BOOKMARK [2][-]{subsection.1.3.2}{Graph-Based}{section.1.3}% 8
\BOOKMARK [2][-]{subsection.1.3.3}{Density-Based}{section.1.3}% 9
\BOOKMARK [1][-]{section.1.4}{Les m\351thodes et algorithmes}{chapter.1}% 10
\BOOKMARK [2][-]{subsection.1.4.1}{Le clustering hi\351rarchique}{section.1.4}% 11
\BOOKMARK [2][-]{subsection.1.4.2}{Le clustering par partitionnement}{section.1.4}% 12
\BOOKMARK [2][-]{subsection.1.4.3}{Le clustering bas\351 sur des m\351langes de mod\350les}{section.1.4}% 13
\BOOKMARK [2][-]{subsection.1.4.4}{Le clustering conceptuel}{section.1.4}% 14
\BOOKMARK [2][-]{subsection.1.4.5}{K-means}{section.1.4}% 15
\BOOKMARK [2][-]{subsection.1.4.6}{Agglomerative Hierarchical Clustering}{section.1.4}% 16
\BOOKMARK [2][-]{subsection.1.4.7}{DBSCAN}{section.1.4}% 17
\BOOKMARK [1][-]{section.1.5}{Analyse et conclusion}{chapter.1}% 18
\BOOKMARK [0][-]{chapter.2}{Impl\351mentation}{}% 19
\BOOKMARK [1][-]{section.2.1}{Objectifs}{chapter.2}% 20
\BOOKMARK [1][-]{section.2.2}{M\351thode propos\351e}{chapter.2}% 21
\BOOKMARK [2][-]{subsection.2.2.1}{Le jeu de donn\351es}{section.2.2}% 22
\BOOKMARK [2][-]{subsection.2.2.2}{Choix de l'algorithme}{section.2.2}% 23
\BOOKMARK [2][-]{subsection.2.2.3}{D\351marche}{section.2.2}% 24
\BOOKMARK [2][-]{subsection.2.2.4}{Probl\351matiques restantes}{section.2.2}% 25
\BOOKMARK [1][-]{section.2.3}{Conclusion}{chapter.2}% 26
